Start testing: Nov 15 15:07 CET
----------------------------------------------------------
1/1 Testing: Graph_test
1/1 Test: Graph_test
Command: "/home/stud/s8liroll/Bioinfo1/02_Uebung/Uebung2_Johanna_Lisa/Uebung02/build/test/Graph_test"
Directory: /home/stud/s8liroll/Bioinfo1/02_Uebung/Uebung2_Johanna_Lisa/Uebung02/build/test
"Graph_test" start time: Nov 15 15:07 CET
Output:
----------------------------------------------------------
Running main() from gtest_main.cc
[==========] Running 2 tests from 1 test case.
[----------] Global test environment set-up.
[----------] 2 tests from Graph
[ RUN      ] Graph.oneEdge
[       OK ] Graph.oneEdge (0 ms)
[ RUN      ] Graph.contractEdge
diagraph Sequences {
nodesep=0.7
GGATTG -> GATTGG [label="5"]
GATTGG -> CACGGA [label="0"]
CACGGA -> GGATTG [label="3"]
CACGGA -> GATTGG [label="2"]
}
diagraph Sequences {
nodesep=0.7
CACGGA -> GGATTGG [label="3"]
GGATTGG -> CACGGA [label="0"]
}
[       OK ] Graph.contractEdge (0 ms)
[----------] 2 tests from Graph (0 ms total)

[----------] Global test environment tear-down
[==========] 2 tests from 1 test case ran. (0 ms total)
[  PASSED  ] 2 tests.
<end of output>
Test time =   0.01 sec
----------------------------------------------------------
Test Passed.
"Graph_test" end time: Nov 15 15:07 CET
"Graph_test" time elapsed: 00:00:00
----------------------------------------------------------

End testing: Nov 15 15:07 CET
